TN:
SF:src/features/auth/presentation/auth.store.ts
FN:12,(anonymous_0)
FN:19,(anonymous_1)
FN:20,(anonymous_2)
FN:24,(anonymous_3)
FN:35,(anonymous_4)
FN:45,(anonymous_5)
FN:58,(anonymous_6)
FN:71,(anonymous_7)
FNF:8
FNH:7
FNDA:16,(anonymous_0)
FNDA:7,(anonymous_1)
FNDA:2,(anonymous_2)
FNDA:4,(anonymous_3)
FNDA:0,(anonymous_4)
FNDA:2,(anonymous_5)
FNDA:2,(anonymous_6)
FNDA:2,(anonymous_7)
DA:11,2
DA:12,16
DA:19,7
DA:20,2
DA:25,4
DA:27,3
DA:28,3
DA:29,3
DA:30,3
DA:31,1
DA:35,3
DA:36,0
DA:39,3
DA:41,3
DA:46,2
DA:47,2
DA:48,2
DA:49,2
DA:50,1
DA:52,2
DA:54,2
DA:59,2
DA:60,2
DA:61,2
DA:62,2
DA:63,1
DA:65,2
DA:67,2
DA:72,2
DA:73,2
DA:74,2
DA:75,2
DA:76,1
DA:78,2
DA:80,2
LF:35
LH:34
BRDA:20,0,0,2
BRDA:20,0,1,1
BRDA:25,1,0,1
BRDA:25,1,1,3
BRDA:30,2,0,1
BRDA:30,2,1,2
BRDA:30,3,0,3
BRDA:30,3,1,2
BRDA:49,4,0,1
BRDA:49,4,1,1
BRDA:49,5,0,2
BRDA:49,5,1,1
BRDA:62,6,0,1
BRDA:62,6,1,1
BRDA:62,7,0,2
BRDA:62,7,1,1
BRDA:75,8,0,1
BRDA:75,8,1,1
BRF:18
BRH:18
end_of_record
TN:
SF:src/features/trips/presentation/trips.store.ts
FN:41,(anonymous_0)
FN:54,(anonymous_1)
FN:54,(anonymous_2)
FN:55,(anonymous_3)
FN:56,(anonymous_4)
FN:56,(anonymous_5)
FN:57,(anonymous_6)
FN:58,(anonymous_7)
FN:58,(anonymous_8)
FN:59,(anonymous_9)
FN:71,(anonymous_10)
FN:79,(anonymous_11)
FN:95,(anonymous_12)
FN:120,(anonymous_13)
FN:138,(anonymous_14)
FN:147,(anonymous_15)
FN:157,(anonymous_16)
FN:164,(anonymous_17)
FN:172,(anonymous_18)
FN:173,(anonymous_19)
FN:202,(anonymous_20)
FN:211,(anonymous_21)
FN:216,(anonymous_22)
FN:218,(anonymous_23)
FN:225,(anonymous_24)
FN:230,(anonymous_25)
FN:236,(anonymous_26)
FN:245,(anonymous_27)
FN:255,(anonymous_28)
FN:264,(anonymous_29)
FN:274,(anonymous_30)
FN:283,(anonymous_31)
FN:293,(anonymous_32)
FN:302,(anonymous_33)
FN:320,(anonymous_34)
FN:325,(anonymous_35)
FN:330,(anonymous_36)
FN:335,(anonymous_37)
FNF:38
FNH:38
FNDA:49,(anonymous_0)
FNDA:3,(anonymous_1)
FNDA:11,(anonymous_2)
FNDA:2,(anonymous_3)
FNDA:5,(anonymous_4)
FNDA:3,(anonymous_5)
FNDA:2,(anonymous_6)
FNDA:5,(anonymous_7)
FNDA:2,(anonymous_8)
FNDA:2,(anonymous_9)
FNDA:3,(anonymous_10)
FNDA:2,(anonymous_11)
FNDA:2,(anonymous_12)
FNDA:2,(anonymous_13)
FNDA:2,(anonymous_14)
FNDA:1,(anonymous_15)
FNDA:2,(anonymous_16)
FNDA:1,(anonymous_17)
FNDA:4,(anonymous_18)
FNDA:2,(anonymous_19)
FNDA:2,(anonymous_20)
FNDA:3,(anonymous_21)
FNDA:5,(anonymous_22)
FNDA:1,(anonymous_23)
FNDA:2,(anonymous_24)
FNDA:4,(anonymous_25)
FNDA:3,(anonymous_26)
FNDA:2,(anonymous_27)
FNDA:2,(anonymous_28)
FNDA:2,(anonymous_29)
FNDA:3,(anonymous_30)
FNDA:2,(anonymous_31)
FNDA:3,(anonymous_32)
FNDA:2,(anonymous_33)
FNDA:2,(anonymous_34)
FNDA:1,(anonymous_35)
FNDA:2,(anonymous_36)
FNDA:1,(anonymous_37)
DA:40,3
DA:41,49
DA:54,11
DA:56,5
DA:58,5
DA:60,2
DA:61,2
DA:62,5
DA:63,5
DA:64,5
DA:65,3
DA:67,2
DA:69,5
DA:71,3
DA:80,2
DA:81,2
DA:82,2
DA:83,2
DA:84,2
DA:85,1
DA:86,1
DA:88,1
DA:91,2
DA:96,2
DA:97,2
DA:98,2
DA:99,2
DA:100,2
DA:101,1
DA:102,1
DA:104,1
DA:105,1
DA:106,1
DA:116,2
DA:121,2
DA:122,2
DA:123,2
DA:124,2
DA:125,1
DA:126,1
DA:128,1
DA:129,1
DA:130,1
DA:132,1
DA:134,2
DA:139,2
DA:140,2
DA:141,2
DA:142,2
DA:143,1
DA:144,1
DA:146,1
DA:147,1
DA:148,1
DA:149,1
DA:151,1
DA:153,2
DA:158,2
DA:159,2
DA:160,2
DA:161,2
DA:162,1
DA:164,1
DA:165,1
DA:168,2
DA:173,4
DA:174,4
DA:176,4
DA:177,4
DA:178,1
DA:179,1
DA:180,0
DA:181,0
DA:183,1
DA:186,4
DA:188,4
DA:189,4
DA:190,4
DA:191,1
DA:192,1
DA:193,1
DA:195,3
DA:196,3
DA:197,3
DA:199,3
DA:203,2
DA:204,2
DA:205,1
DA:207,1
DA:212,3
DA:213,3
DA:214,1
DA:215,2
DA:216,5
DA:217,2
DA:218,1
DA:220,1
DA:226,2
DA:227,2
DA:228,1
DA:230,1
DA:231,4
DA:237,3
DA:238,3
DA:239,1
DA:241,2
DA:246,2
DA:247,2
DA:248,1
DA:249,1
DA:250,1
DA:251,1
DA:256,2
DA:257,2
DA:258,1
DA:260,1
DA:265,2
DA:266,2
DA:267,1
DA:268,1
DA:269,1
DA:270,1
DA:275,3
DA:276,3
DA:277,1
DA:279,2
DA:284,2
DA:285,2
DA:286,1
DA:287,1
DA:288,1
DA:289,1
DA:294,3
DA:295,3
DA:296,1
DA:298,2
DA:308,2
DA:309,2
DA:310,1
DA:311,1
DA:313,1
DA:314,1
DA:315,1
DA:317,1
DA:321,2
DA:322,2
DA:323,1
DA:325,1
DA:326,1
DA:331,2
DA:332,2
DA:333,1
DA:334,1
DA:335,1
DA:336,1
LF:155
LH:153
BRDA:54,0,0,11
BRDA:54,0,1,0
BRDA:56,1,0,3
BRDA:56,1,1,0
BRDA:58,2,0,2
BRDA:58,2,1,0
BRDA:63,3,0,5
BRDA:63,3,1,3
BRDA:64,4,0,3
BRDA:64,4,1,2
BRDA:65,5,0,3
BRDA:65,5,1,0
BRDA:67,6,0,2
BRDA:67,6,1,0
BRDA:84,7,0,1
BRDA:84,7,1,1
BRDA:88,8,0,1
BRDA:88,8,1,0
BRDA:100,9,0,1
BRDA:100,9,1,1
BRDA:105,10,0,1
BRDA:105,10,1,0
BRDA:124,11,0,1
BRDA:124,11,1,1
BRDA:128,12,0,1
BRDA:128,12,1,0
BRDA:142,13,0,1
BRDA:142,13,1,1
BRDA:146,14,0,1
BRDA:146,14,1,0
BRDA:147,15,0,1
BRDA:147,15,1,0
BRDA:161,16,0,1
BRDA:161,16,1,1
BRDA:174,17,0,1
BRDA:174,17,1,3
BRDA:176,18,0,4
BRDA:176,18,1,2
BRDA:177,19,0,1
BRDA:177,19,1,3
BRDA:179,20,0,0
BRDA:179,20,1,1
BRDA:186,21,0,0
BRDA:186,21,1,4
BRDA:190,22,0,1
BRDA:190,22,1,3
BRDA:195,23,0,3
BRDA:195,23,1,0
BRDA:204,24,0,1
BRDA:204,24,1,1
BRDA:207,25,0,1
BRDA:207,25,1,0
BRDA:213,26,0,1
BRDA:213,26,1,2
BRDA:215,27,0,2
BRDA:215,27,1,0
BRDA:217,28,0,1
BRDA:217,28,1,1
BRDA:218,29,0,1
BRDA:218,29,1,0
BRDA:227,30,0,1
BRDA:227,30,1,1
BRDA:231,31,0,1
BRDA:231,31,1,3
BRDA:238,32,0,1
BRDA:238,32,1,2
BRDA:241,33,0,2
BRDA:241,33,1,0
BRDA:247,34,0,1
BRDA:247,34,1,1
BRDA:249,35,0,1
BRDA:249,35,1,0
BRDA:257,36,0,1
BRDA:257,36,1,1
BRDA:260,37,0,1
BRDA:260,37,1,0
BRDA:266,38,0,1
BRDA:266,38,1,1
BRDA:268,39,0,1
BRDA:268,39,1,0
BRDA:276,40,0,1
BRDA:276,40,1,2
BRDA:279,41,0,2
BRDA:279,41,1,0
BRDA:285,42,0,1
BRDA:285,42,1,1
BRDA:287,43,0,1
BRDA:287,43,1,0
BRDA:295,44,0,1
BRDA:295,44,1,2
BRDA:298,45,0,2
BRDA:298,45,1,0
BRDA:305,46,0,2
BRDA:309,47,0,1
BRDA:309,47,1,1
BRDA:313,48,0,1
BRDA:313,48,1,0
BRDA:322,49,0,1
BRDA:322,49,1,1
BRDA:332,50,0,1
BRDA:332,50,1,1
BRDA:334,51,0,1
BRDA:334,51,1,0
BRDA:335,52,0,1
BRDA:335,52,1,0
BRF:105
BRH:79
end_of_record
